<?xml version="1.0" encoding="UTF-8"?>
<!-- Generated by org.testng.reporters.JUnitReportReporter -->
<testsuite hostname="ITEM-S138736" failures="0" tests="2" name="rahulshettyacademy.tests.SubmitOrderTest" time="33.997" errors="0" timestamp="2023-09-05T16:55:16 IST" skipped="0">
  <testcase classname="rahulshettyacademy.tests.SubmitOrderTest" name="submitOrder" time="23.053"/>
  <testcase classname="rahulshettyacademy.tests.SubmitOrderTest" name="submitOrder" time="10.944"/>
</testsuite> <!-- rahulshettyacademy.tests.SubmitOrderTest -->
