<?xml version="1.0" encoding="UTF-8"?>
<!-- Generated by org.testng.reporters.JUnitReportReporter -->
<testsuite hostname="ITEM-S138736" failures="0" tests="1" name="rahulshettyacademy.tests.ErrorValidation" time="6.053" errors="0" timestamp="2023-08-25T17:24:13 IST" skipped="0">
  <testcase classname="rahulshettyacademy.tests.ErrorValidation" name="submitOrder" time="6.053"/>
</testsuite> <!-- rahulshettyacademy.tests.ErrorValidation -->
