<?xml version="1.0" encoding="UTF-8"?>
<!-- Generated by org.testng.reporters.JUnitReportReporter -->
<testsuite hostname="ITEM-S138736" failures="0" tests="1" name="rahulshettyacademy.tests.ErrorValidationTest" time="5.884" errors="0" timestamp="2023-09-05T17:11:35 IST" skipped="0">
  <testcase classname="rahulshettyacademy.tests.ErrorValidationTest" name="LoginErrorValidation" time="5.884"/>
</testsuite> <!-- rahulshettyacademy.tests.ErrorValidationTest -->
