<?xml version="1.0" encoding="UTF-8"?>
<!-- Generated by org.testng.reporters.JUnitReportReporter -->
<testsuite hostname="ITEM-S138736" failures="0" tests="3" name="rahulshettyacademy.tests.SubmitOrderTest" time="64.850" errors="0" timestamp="2023-09-14T11:23:56 IST" skipped="0">
  <testcase classname="rahulshettyacademy.tests.SubmitOrderTest" name="submitOrder" time="35.244"/>
  <testcase classname="rahulshettyacademy.tests.SubmitOrderTest" name="submitOrder" time="23.626"/>
  <testcase classname="rahulshettyacademy.tests.SubmitOrderTest" name="OrderHistoryTest" time="5.980"/>
</testsuite> <!-- rahulshettyacademy.tests.SubmitOrderTest -->
